INFO:     Started server process [240488]
INFO:     Waiting for application startup.
2026-04-06 18:32:49,373 INFO sqlalchemy.engine.Engine BEGIN (implicit)
2026-04-06 18:32:49,373 INFO sqlalchemy.engine.Engine PRAGMA main.table_info("User")
2026-04-06 18:32:49,373 INFO sqlalchemy.engine.Engine [raw sql] ()
2026-04-06 18:32:49,375 INFO sqlalchemy.engine.Engine PRAGMA temp.table_info("User")
2026-04-06 18:32:49,375 INFO sqlalchemy.engine.Engine [raw sql] ()
2026-04-06 18:32:49,375 INFO sqlalchemy.engine.Engine PRAGMA main.table_info("Account")
2026-04-06 18:32:49,375 INFO sqlalchemy.engine.Engine [raw sql] ()
2026-04-06 18:32:49,376 INFO sqlalchemy.engine.Engine PRAGMA temp.table_info("Account")
2026-04-06 18:32:49,376 INFO sqlalchemy.engine.Engine [raw sql] ()
2026-04-06 18:32:49,376 INFO sqlalchemy.engine.Engine PRAGMA main.table_info("Category")
2026-04-06 18:32:49,376 INFO sqlalchemy.engine.Engine [raw sql] ()
2026-04-06 18:32:49,376 INFO sqlalchemy.engine.Engine PRAGMA temp.table_info("Category")
2026-04-06 18:32:49,376 INFO sqlalchemy.engine.Engine [raw sql] ()
2026-04-06 18:32:49,376 INFO sqlalchemy.engine.Engine PRAGMA main.table_info("Transaction")
2026-04-06 18:32:49,376 INFO sqlalchemy.engine.Engine [raw sql] ()
2026-04-06 18:32:49,376 INFO sqlalchemy.engine.Engine PRAGMA temp.table_info("Transaction")
2026-04-06 18:32:49,376 INFO sqlalchemy.engine.Engine [raw sql] ()
2026-04-06 18:32:49,377 INFO sqlalchemy.engine.Engine PRAGMA main.table_info("PayStub")
2026-04-06 18:32:49,377 INFO sqlalchemy.engine.Engine [raw sql] ()
2026-04-06 18:32:49,377 INFO sqlalchemy.engine.Engine PRAGMA temp.table_info("PayStub")
2026-04-06 18:32:49,377 INFO sqlalchemy.engine.Engine [raw sql] ()
2026-04-06 18:32:49,377 INFO sqlalchemy.engine.Engine PRAGMA main.table_info("PayStubDeduction")
2026-04-06 18:32:49,377 INFO sqlalchemy.engine.Engine [raw sql] ()
2026-04-06 18:32:49,377 INFO sqlalchemy.engine.Engine PRAGMA temp.table_info("PayStubDeduction")
2026-04-06 18:32:49,377 INFO sqlalchemy.engine.Engine [raw sql] ()
2026-04-06 18:32:49,377 INFO sqlalchemy.engine.Engine PRAGMA main.table_info("Subscription")
2026-04-06 18:32:49,377 INFO sqlalchemy.engine.Engine [raw sql] ()
2026-04-06 18:32:49,378 INFO sqlalchemy.engine.Engine PRAGMA temp.table_info("Subscription")
2026-04-06 18:32:49,378 INFO sqlalchemy.engine.Engine [raw sql] ()
2026-04-06 18:32:49,378 INFO sqlalchemy.engine.Engine PRAGMA main.table_info("Budget")
2026-04-06 18:32:49,378 INFO sqlalchemy.engine.Engine [raw sql] ()
2026-04-06 18:32:49,378 INFO sqlalchemy.engine.Engine PRAGMA temp.table_info("Budget")
2026-04-06 18:32:49,378 INFO sqlalchemy.engine.Engine [raw sql] ()
2026-04-06 18:32:49,378 INFO sqlalchemy.engine.Engine PRAGMA main.table_info("Goal")
2026-04-06 18:32:49,378 INFO sqlalchemy.engine.Engine [raw sql] ()
2026-04-06 18:32:49,378 INFO sqlalchemy.engine.Engine PRAGMA temp.table_info("Goal")
2026-04-06 18:32:49,378 INFO sqlalchemy.engine.Engine [raw sql] ()
2026-04-06 18:32:49,379 INFO sqlalchemy.engine.Engine PRAGMA main.table_info("RecurringTransaction")
2026-04-06 18:32:49,379 INFO sqlalchemy.engine.Engine [raw sql] ()
2026-04-06 18:32:49,379 INFO sqlalchemy.engine.Engine PRAGMA temp.table_info("RecurringTransaction")
2026-04-06 18:32:49,379 INFO sqlalchemy.engine.Engine [raw sql] ()
2026-04-06 18:32:49,379 INFO sqlalchemy.engine.Engine PRAGMA main.table_info("CategorizationRule")
2026-04-06 18:32:49,379 INFO sqlalchemy.engine.Engine [raw sql] ()
2026-04-06 18:32:49,379 INFO sqlalchemy.engine.Engine PRAGMA temp.table_info("CategorizationRule")
2026-04-06 18:32:49,379 INFO sqlalchemy.engine.Engine [raw sql] ()
2026-04-06 18:32:49,380 INFO sqlalchemy.engine.Engine
CREATE TABLE "User" (
	id VARCHAR NOT NULL,
	email VARCHAR NOT NULL,
	name VARCHAR,
	"passwordHash" VARCHAR NOT NULL,
	currency VARCHAR NOT NULL,
	role VARCHAR NOT NULL,
	"createdAt" DATETIME NOT NULL,
	"updatedAt" DATETIME NOT NULL,
	PRIMARY KEY (id)
)


2026-04-06 18:32:49,381 INFO sqlalchemy.engine.Engine [no key 0.00016s] ()
2026-04-06 18:32:49,385 INFO sqlalchemy.engine.Engine CREATE UNIQUE INDEX "ix_User_email" ON "User" (email)
2026-04-06 18:32:49,385 INFO sqlalchemy.engine.Engine [no key 0.00012s] ()
2026-04-06 18:32:49,389 INFO sqlalchemy.engine.Engine
CREATE TABLE "Account" (
	id VARCHAR NOT NULL,
	"userId" VARCHAR NOT NULL,
	name VARCHAR NOT NULL,
	type VARCHAR NOT NULL,
	institution VARCHAR,
	balance INTEGER NOT NULL,
	"interestRate" FLOAT,
	"creditLimit" INTEGER,
	color VARCHAR NOT NULL,
	"isActive" BOOLEAN NOT NULL,
	"createdAt" DATETIME NOT NULL,
	"updatedAt" DATETIME NOT NULL,
	PRIMARY KEY (id),
	FOREIGN KEY("userId") REFERENCES "User" (id)
)


2026-04-06 18:32:49,389 INFO sqlalchemy.engine.Engine [no key 0.00011s] ()
2026-04-06 18:32:49,392 INFO sqlalchemy.engine.Engine CREATE INDEX "ix_Account_userId" ON "Account" ("userId")
2026-04-06 18:32:49,392 INFO sqlalchemy.engine.Engine [no key 0.00010s] ()
2026-04-06 18:32:49,395 INFO sqlalchemy.engine.Engine
CREATE TABLE "Category" (
	id VARCHAR NOT NULL,
	"userId" VARCHAR,
	name VARCHAR NOT NULL,
	icon VARCHAR,
	type VARCHAR NOT NULL,
	"parentId" VARCHAR,
	color VARCHAR NOT NULL,
	PRIMARY KEY (id),
	FOREIGN KEY("userId") REFERENCES "User" (id),
	FOREIGN KEY("parentId") REFERENCES "Category" (id)
)


2026-04-06 18:32:49,395 INFO sqlalchemy.engine.Engine [no key 0.00012s] ()
2026-04-06 18:32:49,398 INFO sqlalchemy.engine.Engine CREATE INDEX "ix_Category_userId" ON "Category" ("userId")
2026-04-06 18:32:49,398 INFO sqlalchemy.engine.Engine [no key 0.00011s] ()
2026-04-06 18:32:49,401 INFO sqlalchemy.engine.Engine CREATE INDEX "ix_Category_parentId" ON "Category" ("parentId")
2026-04-06 18:32:49,401 INFO sqlalchemy.engine.Engine [no key 0.00009s] ()
2026-04-06 18:32:49,404 INFO sqlalchemy.engine.Engine
CREATE TABLE "PayStub" (
	id VARCHAR NOT NULL,
	"userId" VARCHAR NOT NULL,
	"payDate" DATETIME NOT NULL,
	"grossPay" INTEGER NOT NULL,
	"netPay" INTEGER NOT NULL,
	"payPeriodStart" DATETIME NOT NULL,
	"payPeriodEnd" DATETIME NOT NULL,
	"createdAt" DATETIME NOT NULL,
	"updatedAt" DATETIME NOT NULL,
	PRIMARY KEY (id),
	FOREIGN KEY("userId") REFERENCES "User" (id)
)


2026-04-06 18:32:49,404 INFO sqlalchemy.engine.Engine [no key 0.00010s] ()
2026-04-06 18:32:49,407 INFO sqlalchemy.engine.Engine CREATE INDEX "ix_PayStub_userId" ON "PayStub" ("userId")
2026-04-06 18:32:49,407 INFO sqlalchemy.engine.Engine [no key 0.00010s] ()
2026-04-06 18:32:49,411 INFO sqlalchemy.engine.Engine
CREATE TABLE "CategorizationRule" (
	id VARCHAR NOT NULL,
	"userId" VARCHAR NOT NULL,
	pattern VARCHAR NOT NULL,
	"categoryId" VARCHAR NOT NULL,
	"isRegex" BOOLEAN NOT NULL,
	priority INTEGER NOT NULL,
	"createdAt" DATETIME NOT NULL,
	PRIMARY KEY (id),
	FOREIGN KEY("userId") REFERENCES "User" (id)
)


2026-04-06 18:32:49,411 INFO sqlalchemy.engine.Engine [no key 0.00011s] ()
2026-04-06 18:32:49,413 INFO sqlalchemy.engine.Engine CREATE INDEX "ix_CategorizationRule_userId" ON "CategorizationRule" ("userId")
2026-04-06 18:32:49,414 INFO sqlalchemy.engine.Engine [no key 0.00014s] ()
2026-04-06 18:32:49,417 INFO sqlalchemy.engine.Engine
CREATE TABLE "Transaction" (
	id VARCHAR NOT NULL,
	"userId" VARCHAR NOT NULL,
	"accountId" VARCHAR NOT NULL,
	date DATETIME NOT NULL,
	amount INTEGER NOT NULL,
	description VARCHAR NOT NULL,
	"categoryId" VARCHAR,
	subcategory VARCHAR,
	merchant VARCHAR,
	"isRecurring" BOOLEAN NOT NULL,
	notes VARCHAR,
	"importSource" VARCHAR NOT NULL,
	"importBatchId" VARCHAR,
	"createdAt" DATETIME NOT NULL,
	"updatedAt" DATETIME NOT NULL,
	PRIMARY KEY (id),
	FOREIGN KEY("userId") REFERENCES "User" (id),
	FOREIGN KEY("accountId") REFERENCES "Account" (id),
	FOREIGN KEY("categoryId") REFERENCES "Category" (id)
)


2026-04-06 18:32:49,417 INFO sqlalchemy.engine.Engine [no key 0.00012s] ()
2026-04-06 18:32:49,420 INFO sqlalchemy.engine.Engine CREATE INDEX "ix_Transaction_userId" ON "Transaction" ("userId")
2026-04-06 18:32:49,420 INFO sqlalchemy.engine.Engine [no key 0.00010s] ()
2026-04-06 18:32:49,423 INFO sqlalchemy.engine.Engine CREATE INDEX "ix_Transaction_importBatchId" ON "Transaction" ("importBatchId")
2026-04-06 18:32:49,423 INFO sqlalchemy.engine.Engine [no key 0.00011s] ()
2026-04-06 18:32:49,426 INFO sqlalchemy.engine.Engine CREATE INDEX "ix_Transaction_accountId" ON "Transaction" ("accountId")
2026-04-06 18:32:49,426 INFO sqlalchemy.engine.Engine [no key 0.00009s] ()
2026-04-06 18:32:49,429 INFO sqlalchemy.engine.Engine CREATE INDEX "ix_Transaction_date" ON "Transaction" (date)
2026-04-06 18:32:49,429 INFO sqlalchemy.engine.Engine [no key 0.00010s] ()
2026-04-06 18:32:49,433 INFO sqlalchemy.engine.Engine
CREATE TABLE "PayStubDeduction" (
	id VARCHAR NOT NULL,
	"payStubId" VARCHAR NOT NULL,
	name VARCHAR NOT NULL,
	amount INTEGER NOT NULL,
	type VARCHAR NOT NULL,
	"isPreTax" BOOLEAN NOT NULL,
	PRIMARY KEY (id),
	FOREIGN KEY("payStubId") REFERENCES "PayStub" (id)
)


2026-04-06 18:32:49,433 INFO sqlalchemy.engine.Engine [no key 0.00012s] ()
2026-04-06 18:32:49,436 INFO sqlalchemy.engine.Engine CREATE INDEX "ix_PayStubDeduction_payStubId" ON "PayStubDeduction" ("payStubId")
2026-04-06 18:32:49,436 INFO sqlalchemy.engine.Engine [no key 0.00010s] ()
2026-04-06 18:32:49,439 INFO sqlalchemy.engine.Engine
CREATE TABLE "Subscription" (
	id VARCHAR NOT NULL,
	"userId" VARCHAR NOT NULL,
	"accountId" VARCHAR,
	name VARCHAR NOT NULL,
	amount INTEGER NOT NULL,
	frequency VARCHAR NOT NULL,
	category VARCHAR,
	"nextBillingDate" DATETIME NOT NULL,
	"isActive" BOOLEAN NOT NULL,
	url VARCHAR,
	notes VARCHAR,
	"createdAt" DATETIME NOT NULL,
	"updatedAt" DATETIME NOT NULL,
	PRIMARY KEY (id),
	FOREIGN KEY("userId") REFERENCES "User" (id),
	FOREIGN KEY("accountId") REFERENCES "Account" (id)
)


2026-04-06 18:32:49,439 INFO sqlalchemy.engine.Engine [no key 0.00010s] ()
2026-04-06 18:32:49,443 INFO sqlalchemy.engine.Engine CREATE INDEX "ix_Subscription_userId" ON "Subscription" ("userId")
2026-04-06 18:32:49,443 INFO sqlalchemy.engine.Engine [no key 0.00010s] ()
2026-04-06 18:32:49,446 INFO sqlalchemy.engine.Engine
CREATE TABLE "Budget" (
	id VARCHAR NOT NULL,
	"userId" VARCHAR NOT NULL,
	"categoryId" VARCHAR NOT NULL,
	amount INTEGER NOT NULL,
	period VARCHAR NOT NULL,
	"startDate" DATETIME NOT NULL,
	"createdAt" DATETIME NOT NULL,
	"updatedAt" DATETIME NOT NULL,
	PRIMARY KEY (id),
	FOREIGN KEY("userId") REFERENCES "User" (id),
	FOREIGN KEY("categoryId") REFERENCES "Category" (id)
)


2026-04-06 18:32:49,446 INFO sqlalchemy.engine.Engine [no key 0.00010s] ()
2026-04-06 18:32:49,449 INFO sqlalchemy.engine.Engine CREATE INDEX "ix_Budget_userId" ON "Budget" ("userId")
2026-04-06 18:32:49,449 INFO sqlalchemy.engine.Engine [no key 0.00010s] ()
2026-04-06 18:32:49,452 INFO sqlalchemy.engine.Engine CREATE INDEX "ix_Budget_categoryId" ON "Budget" ("categoryId")
2026-04-06 18:32:49,452 INFO sqlalchemy.engine.Engine [no key 0.00010s] ()
2026-04-06 18:32:49,455 INFO sqlalchemy.engine.Engine
CREATE TABLE "Goal" (
	id VARCHAR NOT NULL,
	"userId" VARCHAR NOT NULL,
	name VARCHAR NOT NULL,
	"targetAmount" INTEGER NOT NULL,
	"currentAmount" INTEGER NOT NULL,
	deadline DATETIME,
	type VARCHAR NOT NULL,
	"linkedAccountId" VARCHAR,
	notes VARCHAR,
	"isCompleted" BOOLEAN NOT NULL,
	"createdAt" DATETIME NOT NULL,
	"updatedAt" DATETIME NOT NULL,
	PRIMARY KEY (id),
	FOREIGN KEY("userId") REFERENCES "User" (id),
	FOREIGN KEY("linkedAccountId") REFERENCES "Account" (id)
)


2026-04-06 18:32:49,455 INFO sqlalchemy.engine.Engine [no key 0.00011s] ()
2026-04-06 18:32:49,458 INFO sqlalchemy.engine.Engine CREATE INDEX "ix_Goal_userId" ON "Goal" ("userId")
2026-04-06 18:32:49,458 INFO sqlalchemy.engine.Engine [no key 0.00009s] ()
2026-04-06 18:32:49,461 INFO sqlalchemy.engine.Engine
CREATE TABLE "RecurringTransaction" (
	id VARCHAR NOT NULL,
	"userId" VARCHAR NOT NULL,
	"accountId" VARCHAR NOT NULL,
	description VARCHAR NOT NULL,
	amount INTEGER NOT NULL,
	"categoryId" VARCHAR,
	frequency VARCHAR NOT NULL,
	"nextOccurrence" DATETIME NOT NULL,
	"isActive" BOOLEAN NOT NULL,
	"createdAt" DATETIME NOT NULL,
	"updatedAt" DATETIME NOT NULL,
	PRIMARY KEY (id),
	FOREIGN KEY("userId") REFERENCES "User" (id),
	FOREIGN KEY("accountId") REFERENCES "Account" (id),
	FOREIGN KEY("categoryId") REFERENCES "Category" (id)
)


2026-04-06 18:32:49,461 INFO sqlalchemy.engine.Engine [no key 0.00015s] ()
2026-04-06 18:32:49,464 INFO sqlalchemy.engine.Engine CREATE INDEX "ix_RecurringTransaction_userId" ON "RecurringTransaction" ("userId")
2026-04-06 18:32:49,464 INFO sqlalchemy.engine.Engine [no key 0.00010s] ()
2026-04-06 18:32:49,467 INFO sqlalchemy.engine.Engine COMMIT
INFO:     Application startup complete.
INFO:     Uvicorn running on http://0.0.0.0:8000 (Press CTRL+C to quit)
INFO:     127.0.0.1:45502 - "GET /health HTTP/1.1" 200 OK
